<?xml version="1.0" encoding="UTF-8"?>
<!-- Generated by org.testng.reporters.JUnitReportReporter -->
<testsuite skipped="0" hostname="DESKTOP-89OTHQ5" name="com.tests.LoginTest" tests="1" failures="0" timestamp="29 Aug 2021 04:36:37 GMT" time="5.349" errors="0">
  <testcase name="inValidLoginTest" time="5.349" classname="com.tests.LoginTest"/>
</testsuite> <!-- com.tests.LoginTest -->
